<?xml version="1.0" encoding="UTF-8"?>
<testng-results skipped="0" failed="1" total="2" passed="1">
  <reporter-output>
  </reporter-output>
  <suite name="Default suite" duration-ms="27858" started-at="2020-07-19T13:45:51Z" finished-at="2020-07-19T13:46:19Z">
    <groups>
    </groups>
    <test name="Default test" duration-ms="27858" started-at="2020-07-19T13:45:51Z" finished-at="2020-07-19T13:46:19Z">
      <class name="com.cg.Hubshot.Testcases.Login_testcase">
        <test-method status="PASS" signature="setup()[pri:0, instance:com.cg.Hubshot.Testcases.Login_testcase@166e5bd]" name="setup" is-config="true" duration-ms="5898" started-at="2020-07-19T19:15:51Z" finished-at="2020-07-19T19:15:57Z">
          <reporter-output>
          </reporter-output>
        </test-method> <!-- setup -->
        <test-method status="FAIL" signature="verifyTitle()[pri:1, instance:com.cg.Hubshot.Testcases.Login_testcase@166e5bd]" name="verifyTitle" duration-ms="35" started-at="2020-07-19T19:15:57Z" finished-at="2020-07-19T19:15:57Z">
          <exception class="java.lang.AssertionError">
            <message>
              <![CDATA[expected [Checking browsers] but found [Checking browser]]]>
            </message>
            <full-stacktrace>
              <![CDATA[java.lang.AssertionError: expected [Checking browsers] but found [Checking browser]
	at org.testng.Assert.fail(Assert.java:94)
	at org.testng.Assert.failNotEquals(Assert.java:513)
	at org.testng.Assert.assertEqualsImpl(Assert.java:135)
	at org.testng.Assert.assertEquals(Assert.java:116)
	at org.testng.Assert.assertEquals(Assert.java:190)
	at org.testng.Assert.assertEquals(Assert.java:200)
	at com.cg.Hubshot.Testcases.Login_testcase.verifyTitle(Login_testcase.java:43)
	at sun.reflect.NativeMethodAccessorImpl.invoke0(Native Method)
	at sun.reflect.NativeMethodAccessorImpl.invoke(Unknown Source)
	at sun.reflect.DelegatingMethodAccessorImpl.invoke(Unknown Source)
	at java.lang.reflect.Method.invoke(Unknown Source)
	at org.testng.internal.MethodInvocationHelper.invokeMethod(MethodInvocationHelper.java:100)
	at org.testng.internal.Invoker.invokeMethod(Invoker.java:646)
	at org.testng.internal.Invoker.invokeTestMethod(Invoker.java:811)
	at org.testng.internal.Invoker.invokeTestMethods(Invoker.java:1129)
	at org.testng.internal.TestMethodWorker.invokeTestMethods(TestMethodWorker.java:129)
	at org.testng.internal.TestMethodWorker.run(TestMethodWorker.java:112)
	at org.testng.TestRunner.privateRun(TestRunner.java:746)
	at org.testng.TestRunner.run(TestRunner.java:600)
	at org.testng.SuiteRunner.runTest(SuiteRunner.java:366)
	at org.testng.SuiteRunner.runSequentially(SuiteRunner.java:361)
	at org.testng.SuiteRunner.privateRun(SuiteRunner.java:319)
	at org.testng.SuiteRunner.run(SuiteRunner.java:268)
	at org.testng.SuiteRunnerWorker.runSuite(SuiteRunnerWorker.java:52)
	at org.testng.SuiteRunnerWorker.run(SuiteRunnerWorker.java:86)
	at org.testng.TestNG.runSuitesSequentially(TestNG.java:1264)
	at org.testng.TestNG.runSuitesLocally(TestNG.java:1189)
	at org.testng.TestNG.runSuites(TestNG.java:1104)
	at org.testng.TestNG.run(TestNG.java:1076)
	at org.testng.remote.AbstractRemoteTestNG.run(AbstractRemoteTestNG.java:126)
	at org.testng.remote.RemoteTestNG.initAndRun(RemoteTestNG.java:152)
	at org.testng.remote.RemoteTestNG.main(RemoteTestNG.java:57)
]]>
            </full-stacktrace>
          </exception> <!-- java.lang.AssertionError -->
          <reporter-output>
          </reporter-output>
        </test-method> <!-- verifyTitle -->
        <test-method status="PASS" signature="tearDown()[pri:0, instance:com.cg.Hubshot.Testcases.Login_testcase@166e5bd]" name="tearDown" is-config="true" duration-ms="1805" started-at="2020-07-19T19:15:57Z" finished-at="2020-07-19T19:15:58Z">
          <reporter-output>
          </reporter-output>
        </test-method> <!-- tearDown -->
        <test-method status="PASS" signature="setup()[pri:0, instance:com.cg.Hubshot.Testcases.Login_testcase@166e5bd]" name="setup" is-config="true" duration-ms="4370" started-at="2020-07-19T19:15:58Z" finished-at="2020-07-19T19:16:03Z">
          <reporter-output>
          </reporter-output>
        </test-method> <!-- setup -->
        <test-method status="PASS" signature="HRMLogin()[pri:2, instance:com.cg.Hubshot.Testcases.Login_testcase@166e5bd]" name="HRMLogin" duration-ms="13895" started-at="2020-07-19T19:16:03Z" finished-at="2020-07-19T19:16:17Z">
          <reporter-output>
          </reporter-output>
        </test-method> <!-- HRMLogin -->
        <test-method status="PASS" signature="tearDown()[pri:0, instance:com.cg.Hubshot.Testcases.Login_testcase@166e5bd]" name="tearDown" is-config="true" duration-ms="1804" started-at="2020-07-19T19:16:17Z" finished-at="2020-07-19T19:16:19Z">
          <reporter-output>
          </reporter-output>
        </test-method> <!-- tearDown -->
      </class> <!-- com.cg.Hubshot.Testcases.Login_testcase -->
    </test> <!-- Default test -->
  </suite> <!-- Default suite -->
</testng-results>
